ERROR 2002 (HY000): Can't connect to server on 'mysql' (115)
--------------
mysql  Ver 15.1 Distrib 10.11.14-MariaDB, for debian-linux-gnu (aarch64) using  EditLine wrapper

Connection id:		3
Current database:	
Current user:		dolibarr@172.18.0.3
SSL:			Cipher in use is TLS_AES_256_GCM_SHA384
Current pager:		stdout
Using outfile:		''
Using delimiter:	;
Server:			MariaDB
Server version:		12.0.2-MariaDB-ubu2404 mariadb.org binary distribution
Protocol version:	10
Connection:		mysql via TCP/IP
Server characterset:	utf8mb4
Db     characterset:	utf8mb4
Client characterset:	latin1
Conn.  characterset:	latin1
TCP port:		3306
Uptime:			2 sec

Threads: 1  Questions: 4  Slow queries: 0  Opens: 17  Open tables: 10  Queries per second avg: 2.000
--------------

mysql -u dolibarr -pxxxxxx -h mysql -P 3306 -e "SELECT SCHEMA_NAME FROM information_schema.SCHEMATA WHERE SCHEMA_NAME = 'dolibarr';" > /tmp/docker-run-checkdb.result 2>&1
DB Exists is : dolibarr
Install.lock Exists is : yes
